
///////////////////////////////////
// Efinity Synthesis Started 
// Oct 19, 2023 15:16:56
///////////////////////////////////


///////////////////////////////////
// Efinity Synthesis Started 
// Oct 19, 2023 15:17:05
///////////////////////////////////


///////////////////////////////////
// Efinity Synthesis Started 
// Oct 19, 2023 15:22:41
///////////////////////////////////


///////////////////////////////////
// Efinity Synthesis Started 
// Oct 19, 2023 15:22:55
///////////////////////////////////


///////////////////////////////////
// Efinity Synthesis Started 
// Oct 19, 2023 15:28:30
///////////////////////////////////


///////////////////////////////////
// Efinity Synthesis Started 
// Oct 19, 2023 15:28:45
///////////////////////////////////


///////////////////////////////////
// Efinity Synthesis Started 
// Oct 19, 2023 15:33:43
///////////////////////////////////


///////////////////////////////////
// Efinity Synthesis Started 
// Oct 19, 2023 15:33:57
///////////////////////////////////


///////////////////////////////////
// Efinity Synthesis Started 
// Oct 19, 2023 15:41:24
///////////////////////////////////


///////////////////////////////////
// Efinity Synthesis Started 
// Oct 19, 2023 15:41:38
///////////////////////////////////


///////////////////////////////////
// Efinity Synthesis Started 
// Oct 19, 2023 15:44:46
///////////////////////////////////


///////////////////////////////////
// Efinity Synthesis Started 
// Oct 19, 2023 15:45:01
///////////////////////////////////


///////////////////////////////////
// Efinity Synthesis Started 
// Oct 19, 2023 15:58:56
///////////////////////////////////


///////////////////////////////////
// Efinity Synthesis Started 
// Oct 19, 2023 15:59:10
///////////////////////////////////


///////////////////////////////////
// Efinity Synthesis Started 
// Oct 19, 2023 16:02:07
///////////////////////////////////


///////////////////////////////////
// Efinity Synthesis Started 
// Oct 19, 2023 16:02:21
///////////////////////////////////


///////////////////////////////////
// Efinity Synthesis Started 
// Oct 19, 2023 16:39:53
///////////////////////////////////


///////////////////////////////////
// Efinity Synthesis Started 
// Oct 19, 2023 16:40:07
///////////////////////////////////


///////////////////////////////////
// Efinity Synthesis Started 
// Oct 19, 2023 16:45:41
///////////////////////////////////


///////////////////////////////////
// Efinity Synthesis Started 
// Oct 19, 2023 16:45:57
///////////////////////////////////


///////////////////////////////////
// Efinity Synthesis Started 
// Oct 19, 2023 16:53:19
///////////////////////////////////


///////////////////////////////////
// Efinity Synthesis Started 
// Oct 19, 2023 16:53:38
///////////////////////////////////

[EFX-0210 ERROR] No Top design.

///////////////////////////////////
// Efinity Synthesis Started 
// Oct 19, 2023 20:14:38
///////////////////////////////////


///////////////////////////////////
// Efinity Synthesis Started 
// Oct 19, 2023 20:14:54
///////////////////////////////////

[EFX-0210 ERROR] No Top design.

///////////////////////////////////
// Efinity Synthesis Started 
// Oct 19, 2023 20:15:41
///////////////////////////////////


///////////////////////////////////
// Efinity Synthesis Started 
// Oct 19, 2023 20:15:56
///////////////////////////////////


///////////////////////////////////
// Efinity Synthesis Started 
// Oct 20, 2023 10:04:48
///////////////////////////////////


///////////////////////////////////
// Efinity Synthesis Started 
// Oct 20, 2023 10:05:03
///////////////////////////////////


///////////////////////////////////
// Efinity Synthesis Started 
// Oct 20, 2023 10:07:33
///////////////////////////////////


///////////////////////////////////
// Efinity Synthesis Started 
// Oct 20, 2023 10:07:49
///////////////////////////////////


///////////////////////////////////
// Efinity Synthesis Started 
// Oct 20, 2023 10:21:00
///////////////////////////////////


///////////////////////////////////
// Efinity Synthesis Started 
// Oct 20, 2023 10:21:16
///////////////////////////////////


///////////////////////////////////
// Efinity Synthesis Started 
// Oct 20, 2023 10:23:45
///////////////////////////////////


///////////////////////////////////
// Efinity Synthesis Started 
// Oct 20, 2023 10:24:01
///////////////////////////////////


///////////////////////////////////
// Efinity Synthesis Started 
// Oct 20, 2023 10:28:19
///////////////////////////////////


///////////////////////////////////
// Efinity Synthesis Started 
// Oct 20, 2023 10:28:34
///////////////////////////////////


///////////////////////////////////
// Efinity Synthesis Started 
// Oct 20, 2023 10:31:42
///////////////////////////////////


///////////////////////////////////
// Efinity Synthesis Started 
// Oct 20, 2023 10:31:59
///////////////////////////////////

[EFX-0210 ERROR] No Top design.

///////////////////////////////////
// Efinity Synthesis Started 
// Oct 20, 2023 10:32:23
///////////////////////////////////


///////////////////////////////////
// Efinity Synthesis Started 
// Oct 20, 2023 10:32:39
///////////////////////////////////

[EFX-0210 ERROR] No Top design.

///////////////////////////////////
// Efinity Synthesis Started 
// Oct 20, 2023 10:34:12
///////////////////////////////////


///////////////////////////////////
// Efinity Synthesis Started 
// Oct 20, 2023 10:34:27
///////////////////////////////////


///////////////////////////////////
// Efinity Synthesis Started 
// Oct 20, 2023 10:37:36
///////////////////////////////////


///////////////////////////////////
// Efinity Synthesis Started 
// Oct 20, 2023 10:37:51
///////////////////////////////////


///////////////////////////////////
// Efinity Synthesis Started 
// Oct 20, 2023 10:40:53
///////////////////////////////////


///////////////////////////////////
// Efinity Synthesis Started 
// Oct 20, 2023 10:41:08
///////////////////////////////////


///////////////////////////////////
// Efinity Synthesis Started 
// Oct 20, 2023 10:57:19
///////////////////////////////////


///////////////////////////////////
// Efinity Synthesis Started 
// Oct 20, 2023 10:57:35
///////////////////////////////////


///////////////////////////////////
// Efinity Synthesis Started 
// Oct 20, 2023 11:15:29
///////////////////////////////////


///////////////////////////////////
// Efinity Synthesis Started 
// Oct 20, 2023 11:15:44
///////////////////////////////////


///////////////////////////////////
// Efinity Synthesis Started 
// Oct 20, 2023 11:18:01
///////////////////////////////////


///////////////////////////////////
// Efinity Synthesis Started 
// Oct 20, 2023 11:18:17
///////////////////////////////////


///////////////////////////////////
// Efinity Synthesis Started 
// Oct 20, 2023 11:23:33
///////////////////////////////////


///////////////////////////////////
// Efinity Synthesis Started 
// Oct 20, 2023 11:23:48
///////////////////////////////////


///////////////////////////////////
// Efinity Synthesis Started 
// Oct 20, 2023 11:29:01
///////////////////////////////////


///////////////////////////////////
// Efinity Synthesis Started 
// Oct 20, 2023 11:29:16
///////////////////////////////////


///////////////////////////////////
// Efinity Synthesis Started 
// Oct 20, 2023 14:33:46
///////////////////////////////////


///////////////////////////////////
// Efinity Synthesis Started 
// Oct 20, 2023 14:34:02
///////////////////////////////////


///////////////////////////////////
// Efinity Synthesis Started 
// Oct 20, 2023 14:41:06
///////////////////////////////////


///////////////////////////////////
// Efinity Synthesis Started 
// Oct 20, 2023 14:41:21
///////////////////////////////////


///////////////////////////////////
// Efinity Synthesis Started 
// Oct 20, 2023 14:44:41
///////////////////////////////////


///////////////////////////////////
// Efinity Synthesis Started 
// Oct 20, 2023 14:44:56
///////////////////////////////////


///////////////////////////////////
// Efinity Synthesis Started 
// Oct 20, 2023 14:48:38
///////////////////////////////////


///////////////////////////////////
// Efinity Synthesis Started 
// Oct 20, 2023 14:48:54
///////////////////////////////////


///////////////////////////////////
// Efinity Synthesis Started 
// Oct 20, 2023 14:54:32
///////////////////////////////////


///////////////////////////////////
// Efinity Synthesis Started 
// Oct 20, 2023 14:54:48
///////////////////////////////////


///////////////////////////////////
// Efinity Synthesis Started 
// Oct 20, 2023 14:56:54
///////////////////////////////////


///////////////////////////////////
// Efinity Synthesis Started 
// Oct 20, 2023 14:57:09
///////////////////////////////////


///////////////////////////////////
// Efinity Synthesis Started 
// Oct 20, 2023 16:09:01
///////////////////////////////////


///////////////////////////////////
// Efinity Synthesis Started 
// Oct 20, 2023 16:09:18
///////////////////////////////////


///////////////////////////////////
// Efinity Synthesis Started 
// Oct 20, 2023 16:12:10
///////////////////////////////////


///////////////////////////////////
// Efinity Synthesis Started 
// Oct 20, 2023 16:12:26
///////////////////////////////////


///////////////////////////////////
// Efinity Synthesis Started 
// Oct 20, 2023 16:13:10
///////////////////////////////////


///////////////////////////////////
// Efinity Synthesis Started 
// Oct 20, 2023 16:13:26
///////////////////////////////////


///////////////////////////////////
// Efinity Synthesis Started 
// Oct 20, 2023 16:16:01
///////////////////////////////////


///////////////////////////////////
// Efinity Synthesis Started 
// Oct 20, 2023 16:16:18
///////////////////////////////////


///////////////////////////////////
// Efinity Synthesis Started 
// Oct 20, 2023 16:18:46
///////////////////////////////////


///////////////////////////////////
// Efinity Synthesis Started 
// Oct 20, 2023 16:19:02
///////////////////////////////////


///////////////////////////////////
// Efinity Synthesis Started 
// Oct 20, 2023 16:22:06
///////////////////////////////////


///////////////////////////////////
// Efinity Synthesis Started 
// Oct 20, 2023 16:22:22
///////////////////////////////////


///////////////////////////////////
// Efinity Synthesis Started 
// Oct 20, 2023 16:25:30
///////////////////////////////////


///////////////////////////////////
// Efinity Synthesis Started 
// Oct 20, 2023 16:25:46
///////////////////////////////////


///////////////////////////////////
// Efinity Synthesis Started 
// Oct 20, 2023 16:34:11
///////////////////////////////////


///////////////////////////////////
// Efinity Synthesis Started 
// Oct 20, 2023 16:34:27
///////////////////////////////////


///////////////////////////////////
// Efinity Synthesis Started 
// Oct 20, 2023 16:41:25
///////////////////////////////////


///////////////////////////////////
// Efinity Synthesis Started 
// Oct 20, 2023 16:41:41
///////////////////////////////////


///////////////////////////////////
// Efinity Synthesis Started 
// Oct 20, 2023 16:48:02
///////////////////////////////////


///////////////////////////////////
// Efinity Synthesis Started 
// Oct 20, 2023 16:48:20
///////////////////////////////////


///////////////////////////////////
// Efinity Synthesis Started 
// Oct 20, 2023 17:00:36
///////////////////////////////////


///////////////////////////////////
// Efinity Synthesis Started 
// Oct 20, 2023 17:00:54
///////////////////////////////////


///////////////////////////////////
// Efinity Synthesis Started 
// Oct 20, 2023 17:01:48
///////////////////////////////////


///////////////////////////////////
// Efinity Synthesis Started 
// Oct 20, 2023 17:02:06
///////////////////////////////////


///////////////////////////////////
// Efinity Synthesis Started 
// Oct 20, 2023 17:07:58
///////////////////////////////////


///////////////////////////////////
// Efinity Synthesis Started 
// Oct 20, 2023 17:08:15
///////////////////////////////////


///////////////////////////////////
// Efinity Synthesis Started 
// Oct 20, 2023 17:12:20
///////////////////////////////////


///////////////////////////////////
// Efinity Synthesis Started 
// Oct 20, 2023 17:12:37
///////////////////////////////////


///////////////////////////////////
// Efinity Synthesis Started 
// Oct 20, 2023 17:19:53
///////////////////////////////////


///////////////////////////////////
// Efinity Synthesis Started 
// Oct 20, 2023 17:20:11
///////////////////////////////////


///////////////////////////////////
// Efinity Synthesis Started 
// Oct 20, 2023 17:27:19
///////////////////////////////////


///////////////////////////////////
// Efinity Synthesis Started 
// Oct 20, 2023 17:27:37
///////////////////////////////////


///////////////////////////////////
// Efinity Synthesis Started 
// Oct 20, 2023 17:34:57
///////////////////////////////////


///////////////////////////////////
// Efinity Synthesis Started 
// Oct 20, 2023 17:35:15
///////////////////////////////////

[EFX-0210 ERROR] No Top design.

///////////////////////////////////
// Efinity Synthesis Started 
// Oct 20, 2023 17:35:31
///////////////////////////////////


///////////////////////////////////
// Efinity Synthesis Started 
// Oct 20, 2023 17:35:47
///////////////////////////////////


///////////////////////////////////
// Efinity Synthesis Started 
// Oct 20, 2023 17:38:12
///////////////////////////////////


///////////////////////////////////
// Efinity Synthesis Started 
// Oct 20, 2023 17:38:27
///////////////////////////////////


///////////////////////////////////
// Efinity Synthesis Started 
// Oct 20, 2023 17:47:33
///////////////////////////////////


///////////////////////////////////
// Efinity Synthesis Started 
// Oct 20, 2023 17:47:48
///////////////////////////////////


///////////////////////////////////
// Efinity Synthesis Started 
// Oct 20, 2023 18:05:33
///////////////////////////////////


///////////////////////////////////
// Efinity Synthesis Started 
// Oct 20, 2023 18:05:48
///////////////////////////////////


///////////////////////////////////
// Efinity Synthesis Started 
// Oct 20, 2023 18:28:52
///////////////////////////////////


///////////////////////////////////
// Efinity Synthesis Started 
// Oct 20, 2023 18:29:09
///////////////////////////////////


///////////////////////////////////
// Efinity Synthesis Started 
// Oct 20, 2023 18:46:59
///////////////////////////////////


///////////////////////////////////
// Efinity Synthesis Started 
// Oct 20, 2023 18:47:15
///////////////////////////////////


///////////////////////////////////
// Efinity Synthesis Started 
// Oct 23, 2023 10:06:40
///////////////////////////////////


///////////////////////////////////
// Efinity Synthesis Started 
// Oct 23, 2023 10:06:54
///////////////////////////////////


///////////////////////////////////
// Efinity Synthesis Started 
// Oct 23, 2023 10:11:20
///////////////////////////////////


///////////////////////////////////
// Efinity Synthesis Started 
// Oct 23, 2023 10:11:34
///////////////////////////////////


///////////////////////////////////
// Efinity Synthesis Started 
// Oct 23, 2023 10:11:55
///////////////////////////////////


///////////////////////////////////
// Efinity Synthesis Started 
// Oct 23, 2023 10:12:09
///////////////////////////////////


///////////////////////////////////
// Efinity Synthesis Started 
// Oct 23, 2023 10:23:45
///////////////////////////////////


///////////////////////////////////
// Efinity Synthesis Started 
// Oct 23, 2023 10:24:00
///////////////////////////////////


///////////////////////////////////
// Efinity Synthesis Started 
// Oct 23, 2023 10:30:14
///////////////////////////////////


///////////////////////////////////
// Efinity Synthesis Started 
// Oct 23, 2023 10:30:29
///////////////////////////////////


///////////////////////////////////
// Efinity Synthesis Started 
// Oct 23, 2023 10:39:17
///////////////////////////////////


///////////////////////////////////
// Efinity Synthesis Started 
// Oct 23, 2023 10:39:31
///////////////////////////////////


///////////////////////////////////
// Efinity Synthesis Started 
// Oct 23, 2023 10:42:03
///////////////////////////////////


///////////////////////////////////
// Efinity Synthesis Started 
// Oct 23, 2023 10:42:17
///////////////////////////////////


///////////////////////////////////
// Efinity Synthesis Started 
// Oct 23, 2023 10:43:46
///////////////////////////////////


///////////////////////////////////
// Efinity Synthesis Started 
// Oct 23, 2023 10:44:00
///////////////////////////////////


///////////////////////////////////
// Efinity Synthesis Started 
// Oct 23, 2023 10:49:19
///////////////////////////////////


///////////////////////////////////
// Efinity Synthesis Started 
// Oct 23, 2023 10:49:33
///////////////////////////////////


///////////////////////////////////
// Efinity Synthesis Started 
// Oct 23, 2023 10:52:20
///////////////////////////////////


///////////////////////////////////
// Efinity Synthesis Started 
// Oct 23, 2023 10:52:34
///////////////////////////////////


///////////////////////////////////
// Efinity Synthesis Started 
// Oct 23, 2023 10:55:39
///////////////////////////////////


///////////////////////////////////
// Efinity Synthesis Started 
// Oct 23, 2023 10:55:54
///////////////////////////////////


///////////////////////////////////
// Efinity Synthesis Started 
// Oct 23, 2023 10:58:23
///////////////////////////////////


///////////////////////////////////
// Efinity Synthesis Started 
// Oct 23, 2023 10:58:38
///////////////////////////////////


///////////////////////////////////
// Efinity Synthesis Started 
// Oct 23, 2023 11:14:29
///////////////////////////////////


///////////////////////////////////
// Efinity Synthesis Started 
// Oct 23, 2023 11:14:44
///////////////////////////////////


///////////////////////////////////
// Efinity Synthesis Started 
// Oct 23, 2023 11:22:25
///////////////////////////////////


///////////////////////////////////
// Efinity Synthesis Started 
// Oct 23, 2023 11:22:40
///////////////////////////////////


///////////////////////////////////
// Efinity Synthesis Started 
// Oct 23, 2023 11:24:41
///////////////////////////////////


///////////////////////////////////
// Efinity Synthesis Started 
// Oct 23, 2023 11:24:56
///////////////////////////////////


///////////////////////////////////
// Efinity Synthesis Started 
// Oct 23, 2023 11:28:43
///////////////////////////////////


///////////////////////////////////
// Efinity Synthesis Started 
// Oct 23, 2023 11:28:58
///////////////////////////////////


///////////////////////////////////
// Efinity Synthesis Started 
// Oct 23, 2023 11:42:32
///////////////////////////////////


///////////////////////////////////
// Efinity Synthesis Started 
// Oct 23, 2023 11:42:47
///////////////////////////////////


///////////////////////////////////
// Efinity Synthesis Started 
// Oct 23, 2023 11:51:19
///////////////////////////////////


///////////////////////////////////
// Efinity Synthesis Started 
// Oct 23, 2023 11:51:34
///////////////////////////////////


///////////////////////////////////
// Efinity Synthesis Started 
// Oct 23, 2023 11:53:57
///////////////////////////////////


///////////////////////////////////
// Efinity Synthesis Started 
// Oct 23, 2023 11:54:12
///////////////////////////////////


///////////////////////////////////
// Efinity Synthesis Started 
// Oct 23, 2023 11:54:58
///////////////////////////////////


///////////////////////////////////
// Efinity Synthesis Started 
// Oct 23, 2023 11:55:13
///////////////////////////////////


///////////////////////////////////
// Efinity Synthesis Started 
// Oct 23, 2023 11:57:59
///////////////////////////////////


///////////////////////////////////
// Efinity Synthesis Started 
// Oct 23, 2023 11:58:14
///////////////////////////////////


///////////////////////////////////
// Efinity Synthesis Started 
// Oct 23, 2023 12:00:53
///////////////////////////////////


///////////////////////////////////
// Efinity Synthesis Started 
// Oct 23, 2023 12:01:09
///////////////////////////////////


///////////////////////////////////
// Efinity Synthesis Started 
// Oct 23, 2023 12:03:58
///////////////////////////////////


///////////////////////////////////
// Efinity Synthesis Started 
// Oct 23, 2023 12:04:13
///////////////////////////////////


///////////////////////////////////
// Efinity Synthesis Started 
// Oct 23, 2023 12:08:46
///////////////////////////////////


///////////////////////////////////
// Efinity Synthesis Started 
// Oct 23, 2023 12:09:01
///////////////////////////////////


///////////////////////////////////
// Efinity Synthesis Started 
// Oct 23, 2023 12:26:48
///////////////////////////////////


///////////////////////////////////
// Efinity Synthesis Started 
// Oct 23, 2023 12:27:03
///////////////////////////////////


///////////////////////////////////
// Efinity Synthesis Started 
// Oct 23, 2023 12:29:06
///////////////////////////////////


///////////////////////////////////
// Efinity Synthesis Started 
// Oct 23, 2023 12:29:21
///////////////////////////////////


///////////////////////////////////
// Efinity Synthesis Started 
// Oct 23, 2023 13:44:46
///////////////////////////////////


///////////////////////////////////
// Efinity Synthesis Started 
// Oct 23, 2023 13:45:02
///////////////////////////////////


///////////////////////////////////
// Efinity Synthesis Started 
// Oct 23, 2023 13:47:28
///////////////////////////////////


///////////////////////////////////
// Efinity Synthesis Started 
// Oct 23, 2023 13:47:43
///////////////////////////////////


///////////////////////////////////
// Efinity Synthesis Started 
// Oct 23, 2023 13:56:53
///////////////////////////////////


///////////////////////////////////
// Efinity Synthesis Started 
// Oct 23, 2023 13:57:09
///////////////////////////////////


///////////////////////////////////
// Efinity Synthesis Started 
// Oct 23, 2023 14:00:42
///////////////////////////////////


///////////////////////////////////
// Efinity Synthesis Started 
// Oct 23, 2023 14:00:58
///////////////////////////////////


///////////////////////////////////
// Efinity Synthesis Started 
// Oct 23, 2023 14:03:59
///////////////////////////////////


///////////////////////////////////
// Efinity Synthesis Started 
// Oct 23, 2023 14:04:15
///////////////////////////////////


///////////////////////////////////
// Efinity Synthesis Started 
// Oct 23, 2023 14:13:14
///////////////////////////////////


///////////////////////////////////
// Efinity Synthesis Started 
// Oct 23, 2023 14:13:30
///////////////////////////////////


///////////////////////////////////
// Efinity Synthesis Started 
// Oct 23, 2023 14:16:29
///////////////////////////////////


///////////////////////////////////
// Efinity Synthesis Started 
// Oct 23, 2023 14:16:44
///////////////////////////////////


///////////////////////////////////
// Efinity Synthesis Started 
// Oct 23, 2023 14:23:17
///////////////////////////////////


///////////////////////////////////
// Efinity Synthesis Started 
// Oct 23, 2023 14:23:32
///////////////////////////////////


///////////////////////////////////
// Efinity Synthesis Started 
// Oct 23, 2023 14:26:30
///////////////////////////////////


///////////////////////////////////
// Efinity Synthesis Started 
// Oct 23, 2023 14:26:45
///////////////////////////////////


///////////////////////////////////
// Efinity Synthesis Started 
// Oct 23, 2023 14:29:49
///////////////////////////////////


///////////////////////////////////
// Efinity Synthesis Started 
// Oct 23, 2023 14:30:04
///////////////////////////////////


///////////////////////////////////
// Efinity Synthesis Started 
// Oct 23, 2023 14:32:19
///////////////////////////////////


///////////////////////////////////
// Efinity Synthesis Started 
// Oct 23, 2023 14:32:35
///////////////////////////////////


///////////////////////////////////
// Efinity Synthesis Started 
// Oct 23, 2023 14:35:56
///////////////////////////////////


///////////////////////////////////
// Efinity Synthesis Started 
// Oct 23, 2023 14:36:12
///////////////////////////////////


///////////////////////////////////
// Efinity Synthesis Started 
// Oct 23, 2023 14:47:41
///////////////////////////////////


///////////////////////////////////
// Efinity Synthesis Started 
// Oct 23, 2023 14:47:56
///////////////////////////////////


///////////////////////////////////
// Efinity Synthesis Started 
// Oct 23, 2023 14:58:20
///////////////////////////////////


///////////////////////////////////
// Efinity Synthesis Started 
// Oct 23, 2023 14:58:35
///////////////////////////////////


///////////////////////////////////
// Efinity Synthesis Started 
// Oct 23, 2023 15:02:37
///////////////////////////////////


///////////////////////////////////
// Efinity Synthesis Started 
// Oct 23, 2023 15:02:53
///////////////////////////////////


///////////////////////////////////
// Efinity Synthesis Started 
// Oct 23, 2023 15:16:16
///////////////////////////////////


///////////////////////////////////
// Efinity Synthesis Started 
// Oct 23, 2023 15:16:31
///////////////////////////////////


///////////////////////////////////
// Efinity Synthesis Started 
// Oct 23, 2023 15:19:58
///////////////////////////////////


///////////////////////////////////
// Efinity Synthesis Started 
// Oct 23, 2023 15:20:13
///////////////////////////////////


///////////////////////////////////
// Efinity Synthesis Started 
// Oct 23, 2023 15:22:47
///////////////////////////////////


///////////////////////////////////
// Efinity Synthesis Started 
// Oct 23, 2023 15:23:02
///////////////////////////////////


///////////////////////////////////
// Efinity Synthesis Started 
// Oct 23, 2023 15:25:30
///////////////////////////////////


///////////////////////////////////
// Efinity Synthesis Started 
// Oct 23, 2023 15:25:45
///////////////////////////////////


///////////////////////////////////
// Efinity Synthesis Started 
// Oct 23, 2023 15:32:00
///////////////////////////////////


///////////////////////////////////
// Efinity Synthesis Started 
// Oct 23, 2023 15:32:15
///////////////////////////////////


///////////////////////////////////
// Efinity Synthesis Started 
// Oct 23, 2023 15:42:13
///////////////////////////////////


///////////////////////////////////
// Efinity Synthesis Started 
// Oct 23, 2023 15:42:28
///////////////////////////////////


///////////////////////////////////
// Efinity Synthesis Started 
// Oct 23, 2023 15:51:59
///////////////////////////////////


///////////////////////////////////
// Efinity Synthesis Started 
// Oct 23, 2023 15:52:15
///////////////////////////////////

[EFX-0210 ERROR] No Top design.

///////////////////////////////////
// Efinity Synthesis Started 
// Oct 23, 2023 15:54:03
///////////////////////////////////


///////////////////////////////////
// Efinity Synthesis Started 
// Oct 23, 2023 15:54:12
///////////////////////////////////


///////////////////////////////////
// Efinity Synthesis Started 
// Oct 27, 2023 14:12:07
///////////////////////////////////


///////////////////////////////////
// Efinity Synthesis Started 
// Oct 27, 2023 14:12:15
///////////////////////////////////


///////////////////////////////////
// Efinity Synthesis Started 
// Oct 27, 2023 14:15:08
///////////////////////////////////


///////////////////////////////////
// Efinity Synthesis Started 
// Oct 27, 2023 14:15:17
///////////////////////////////////


///////////////////////////////////
// Efinity Synthesis Started 
// Oct 27, 2023 14:17:41
///////////////////////////////////


///////////////////////////////////
// Efinity Synthesis Started 
// Oct 27, 2023 14:17:50
///////////////////////////////////


///////////////////////////////////
// Efinity Synthesis Started 
// Oct 27, 2023 14:21:44
///////////////////////////////////


///////////////////////////////////
// Efinity Synthesis Started 
// Oct 27, 2023 14:21:53
///////////////////////////////////


///////////////////////////////////
// Efinity Synthesis Started 
// Oct 27, 2023 14:24:28
///////////////////////////////////


///////////////////////////////////
// Efinity Synthesis Started 
// Oct 27, 2023 14:24:37
///////////////////////////////////


///////////////////////////////////
// Efinity Synthesis Started 
// Oct 27, 2023 14:27:04
///////////////////////////////////


///////////////////////////////////
// Efinity Synthesis Started 
// Oct 27, 2023 14:27:12
///////////////////////////////////


///////////////////////////////////
// Efinity Synthesis Started 
// Oct 27, 2023 14:29:18
///////////////////////////////////


///////////////////////////////////
// Efinity Synthesis Started 
// Oct 27, 2023 14:29:26
///////////////////////////////////


///////////////////////////////////
// Efinity Synthesis Started 
// Oct 27, 2023 14:31:45
///////////////////////////////////


///////////////////////////////////
// Efinity Synthesis Started 
// Oct 27, 2023 14:31:54
///////////////////////////////////


///////////////////////////////////
// Efinity Synthesis Started 
// Oct 27, 2023 14:34:08
///////////////////////////////////


///////////////////////////////////
// Efinity Synthesis Started 
// Oct 27, 2023 14:34:16
///////////////////////////////////


///////////////////////////////////
// Efinity Synthesis Started 
// Oct 27, 2023 14:40:48
///////////////////////////////////


///////////////////////////////////
// Efinity Synthesis Started 
// Oct 27, 2023 14:40:56
///////////////////////////////////


///////////////////////////////////
// Efinity Synthesis Started 
// Oct 27, 2023 14:44:14
///////////////////////////////////


///////////////////////////////////
// Efinity Synthesis Started 
// Oct 27, 2023 14:44:23
///////////////////////////////////


///////////////////////////////////
// Efinity Synthesis Started 
// Oct 27, 2023 14:46:34
///////////////////////////////////


///////////////////////////////////
// Efinity Synthesis Started 
// Oct 27, 2023 14:47:00
///////////////////////////////////


///////////////////////////////////
// Efinity Synthesis Started 
// Oct 27, 2023 14:47:08
///////////////////////////////////


///////////////////////////////////
// Efinity Synthesis Started 
// Oct 27, 2023 15:49:17
///////////////////////////////////


///////////////////////////////////
// Efinity Synthesis Started 
// Oct 27, 2023 15:49:26
///////////////////////////////////


///////////////////////////////////
// Efinity Synthesis Started 
// Oct 27, 2023 17:44:10
///////////////////////////////////


///////////////////////////////////
// Efinity Synthesis Started 
// Oct 27, 2023 17:44:19
///////////////////////////////////


///////////////////////////////////
// Efinity Synthesis Started 
// Oct 27, 2023 18:50:51
///////////////////////////////////


///////////////////////////////////
// Efinity Synthesis Started 
// Oct 27, 2023 18:51:00
///////////////////////////////////


///////////////////////////////////
// Efinity Synthesis Started 
// Oct 27, 2023 18:56:49
///////////////////////////////////


///////////////////////////////////
// Efinity Synthesis Started 
// Oct 27, 2023 18:56:58
///////////////////////////////////


///////////////////////////////////
// Efinity Synthesis Started 
// Oct 27, 2023 19:02:14
///////////////////////////////////


///////////////////////////////////
// Efinity Synthesis Started 
// Oct 27, 2023 19:02:23
///////////////////////////////////


///////////////////////////////////
// Efinity Synthesis Started 
// Oct 27, 2023 19:07:51
///////////////////////////////////


///////////////////////////////////
// Efinity Synthesis Started 
// Oct 27, 2023 19:08:00
///////////////////////////////////


///////////////////////////////////
// Efinity Synthesis Started 
// Oct 27, 2023 19:14:21
///////////////////////////////////


///////////////////////////////////
// Efinity Synthesis Started 
// Oct 27, 2023 19:14:30
///////////////////////////////////


///////////////////////////////////
// Efinity Synthesis Started 
// Oct 27, 2023 19:20:01
///////////////////////////////////


///////////////////////////////////
// Efinity Synthesis Started 
// Oct 27, 2023 19:20:10
///////////////////////////////////


///////////////////////////////////
// Efinity Synthesis Started 
// Oct 27, 2023 19:22:52
///////////////////////////////////


///////////////////////////////////
// Efinity Synthesis Started 
// Oct 27, 2023 19:23:01
///////////////////////////////////


///////////////////////////////////
// Efinity Synthesis Started 
// Oct 27, 2023 19:25:03
///////////////////////////////////


///////////////////////////////////
// Efinity Synthesis Started 
// Oct 27, 2023 19:25:12
///////////////////////////////////


///////////////////////////////////
// Efinity Synthesis Started 
// Oct 27, 2023 19:28:09
///////////////////////////////////


///////////////////////////////////
// Efinity Synthesis Started 
// Oct 27, 2023 19:28:18
///////////////////////////////////


///////////////////////////////////
// Efinity Synthesis Started 
// Oct 27, 2023 19:31:51
///////////////////////////////////


///////////////////////////////////
// Efinity Synthesis Started 
// Oct 27, 2023 19:32:00
///////////////////////////////////


///////////////////////////////////
// Efinity Synthesis Started 
// Oct 27, 2023 19:34:35
///////////////////////////////////


///////////////////////////////////
// Efinity Synthesis Started 
// Oct 27, 2023 19:34:44
///////////////////////////////////


///////////////////////////////////
// Efinity Synthesis Started 
// Oct 27, 2023 19:37:02
///////////////////////////////////


///////////////////////////////////
// Efinity Synthesis Started 
// Oct 27, 2023 19:37:11
///////////////////////////////////


///////////////////////////////////
// Efinity Synthesis Started 
// Oct 27, 2023 19:39:37
///////////////////////////////////


///////////////////////////////////
// Efinity Synthesis Started 
// Oct 27, 2023 19:39:46
///////////////////////////////////


///////////////////////////////////
// Efinity Synthesis Started 
// Oct 27, 2023 19:42:41
///////////////////////////////////


///////////////////////////////////
// Efinity Synthesis Started 
// Oct 27, 2023 19:42:50
///////////////////////////////////


///////////////////////////////////
// Efinity Synthesis Started 
// Oct 27, 2023 19:46:31
///////////////////////////////////


///////////////////////////////////
// Efinity Synthesis Started 
// Oct 27, 2023 19:46:41
///////////////////////////////////


///////////////////////////////////
// Efinity Synthesis Started 
// Oct 27, 2023 19:49:14
///////////////////////////////////


///////////////////////////////////
// Efinity Synthesis Started 
// Oct 27, 2023 19:49:23
///////////////////////////////////


///////////////////////////////////
// Efinity Synthesis Started 
// Oct 27, 2023 19:51:11
///////////////////////////////////


///////////////////////////////////
// Efinity Synthesis Started 
// Oct 27, 2023 19:51:20
///////////////////////////////////


///////////////////////////////////
// Efinity Synthesis Started 
// Oct 27, 2023 19:53:39
///////////////////////////////////


///////////////////////////////////
// Efinity Synthesis Started 
// Oct 27, 2023 19:53:48
///////////////////////////////////


///////////////////////////////////
// Efinity Synthesis Started 
// Oct 27, 2023 19:56:25
///////////////////////////////////


///////////////////////////////////
// Efinity Synthesis Started 
// Oct 27, 2023 19:56:34
///////////////////////////////////


///////////////////////////////////
// Efinity Synthesis Started 
// Nov 02, 2023 22:10:07
///////////////////////////////////


///////////////////////////////////
// Efinity Synthesis Started 
// Nov 02, 2023 22:10:17
///////////////////////////////////


///////////////////////////////////
// Efinity Synthesis Started 
// Nov 02, 2023 22:15:37
///////////////////////////////////


///////////////////////////////////
// Efinity Synthesis Started 
// Nov 02, 2023 22:15:47
///////////////////////////////////


///////////////////////////////////
// Efinity Synthesis Started 
// Nov 02, 2023 22:42:57
///////////////////////////////////


///////////////////////////////////
// Efinity Synthesis Started 
// Nov 02, 2023 22:43:07
///////////////////////////////////


///////////////////////////////////
// Efinity Synthesis Started 
// Nov 02, 2023 22:50:30
///////////////////////////////////


///////////////////////////////////
// Efinity Synthesis Started 
// Nov 02, 2023 22:50:40
///////////////////////////////////


///////////////////////////////////
// Efinity Synthesis Started 
// Nov 02, 2023 22:53:41
///////////////////////////////////


///////////////////////////////////
// Efinity Synthesis Started 
// Nov 02, 2023 22:53:51
///////////////////////////////////

